[debug] [2020-09-11T14:08:26.741Z] ----------------------------------------------------------------------
[debug] [2020-09-11T14:08:26.747Z] Command:       C:\Program Files\nodejs\node.exe C:\Users\Ayush\AppData\Roaming\npm\node_modules\firebase-tools\lib\bin\firebase.js emulators:start
[debug] [2020-09-11T14:08:26.748Z] CLI Version:   8.10.0
[debug] [2020-09-11T14:08:26.748Z] Platform:      win32
[debug] [2020-09-11T14:08:26.748Z] Node Version:  v10.16.3
[debug] [2020-09-11T14:08:26.751Z] Time:          Fri Sep 11 2020 19:38:26 GMT+0530 (India Standard Time)
[debug] [2020-09-11T14:08:26.751Z] ----------------------------------------------------------------------
[debug] [2020-09-11T14:08:26.751Z] 
[debug] [2020-09-11T14:08:26.778Z] > command requires scopes: ["email","openid","https://www.googleapis.com/auth/cloudplatformprojects.readonly","https://www.googleapis.com/auth/firebase","https://www.googleapis.com/auth/cloud-platform"]
[debug] [2020-09-11T14:08:26.778Z] > authorizing via signed-in user
[info] i  emulators: Starting emulators: functions, hosting {"metadata":{"emulator":{"name":"hub"},"message":"Starting emulators: functions, hosting"}}
[debug] [2020-09-11T14:08:28.861Z] [hub] writing locator at C:\Users\Ayush\AppData\Local\Temp\hub-challenge-16282.json
[warn] !  functions: The following emulators are not running, calls to these services from the Functions emulator will affect production: firestore, database, pubsub {"metadata":{"emulator":{"name":"functions"},"message":"The following emulators are not running, calls to these services from the Functions emulator will affect production: \u001b[1mfirestore, database, pubsub\u001b[22m"}}
[info] +  functions: Using node@10 from host. {"metadata":{"emulator":{"name":"functions"},"message":"Using node@10 from host."}}
[debug] [2020-09-11T14:08:30.962Z] defaultcredentials: writing to file C:\Users\Ayush\AppData\Roaming\firebase\shivigomsi_gmail_com_application_default_credentials.json
[debug] [2020-09-11T14:08:30.968Z] Setting GAC to C:\Users\Ayush\AppData\Roaming\firebase\shivigomsi_gmail_com_application_default_credentials.json {"metadata":{"emulator":{"name":"functions"},"message":"Setting GAC to C:\\Users\\Ayush\\AppData\\Roaming\\firebase\\shivigomsi_gmail_com_application_default_credentials.json"}}
[debug] [2020-09-11T14:08:33.006Z] >>> HTTP REQUEST GET https://firebase.googleapis.com/v1beta1/projects/challenge-16282/webApps/-/config  
 
[debug] [2020-09-11T14:08:36.088Z] <<< HTTP RESPONSE 200 {"content-type":"application/json; charset=UTF-8","vary":"X-Origin, Referer, Origin,Accept-Encoding","date":"Fri, 11 Sep 2020 14:08:39 GMT","server":"ESF","cache-control":"private","x-xss-protection":"0","x-frame-options":"SAMEORIGIN","x-content-type-options":"nosniff","alt-svc":"h3-29=\":443\"; ma=2592000,h3-27=\":443\"; ma=2592000,h3-T051=\":443\"; ma=2592000,h3-T050=\":443\"; ma=2592000,h3-Q050=\":443\"; ma=2592000,h3-Q046=\":443\"; ma=2592000,h3-Q043=\":443\"; ma=2592000,quic=\":443\"; ma=2592000; v=\"46,43\"","accept-ranges":"none","transfer-encoding":"chunked"}
[info] i  hosting: Serving hosting files from: build {"metadata":{"emulator":{"name":"hosting"},"message":"Serving hosting files from: \u001b[1mbuild\u001b[22m"}}
[info] +  hosting: Local server: http://localhost:5000 {"metadata":{"emulator":{"name":"hosting"},"message":"Local server: \u001b[4m\u001b[1mhttp://localhost:5000\u001b[22m\u001b[24m"}}
[debug] [2020-09-11T14:08:40.255Z] Ignoring unsupported arg: auto_download {"metadata":{"emulator":{"name":"ui"},"message":"Ignoring unsupported arg: auto_download"}}
[debug] [2020-09-11T14:08:40.256Z] Ignoring unsupported arg: port {"metadata":{"emulator":{"name":"ui"},"message":"Ignoring unsupported arg: port"}}
[debug] [2020-09-11T14:08:40.257Z] Starting Emulator UI with command {"binary":"node","args":["C:\\Users\\Ayush\\.cache\\firebase\\emulators\\ui-v1.1.1\\server.bundle.js"],"optionalArgs":[],"joinArgs":false} {"metadata":{"emulator":{"name":"ui"},"message":"Starting Emulator UI with command {\"binary\":\"node\",\"args\":[\"C:\\\\Users\\\\Ayush\\\\.cache\\\\firebase\\\\emulators\\\\ui-v1.1.1\\\\server.bundle.js\"],\"optionalArgs\":[],\"joinArgs\":false}"}}
[info] i  ui: Emulator UI logging to ui-debug.log {"metadata":{"emulator":{"name":"ui"},"message":"Emulator UI logging to \u001b[1mui-debug.log\u001b[22m"}}
[debug] [2020-09-11T14:08:40.740Z] Web / API server started at http://localhost:4000
 {"metadata":{"emulator":{"name":"ui"},"message":"Web / API server started at http://localhost:4000\n"}}
[info] i  functions: Watching "C:\Users\Ayush\Desktop\ReactBootcamp\amazon-clone-fix\functions" for Cloud Functions... {"metadata":{"emulator":{"name":"functions"},"message":"Watching \"C:\\Users\\Ayush\\Desktop\\ReactBootcamp\\amazon-clone-fix\\functions\" for Cloud Functions..."}}
[debug] [2020-09-11T14:08:40.882Z] [worker-pool] addWorker(~diagnostic~) {"metadata":{"emulator":{"name":"functions"},"message":"[worker-pool] addWorker(~diagnostic~)"}}
[debug] [2020-09-11T14:08:40.883Z] [worker-pool] Adding worker with key ~diagnostic~, total=1 {"metadata":{"emulator":{"name":"functions"},"message":"[worker-pool] Adding worker with key ~diagnostic~, total=1"}}
[debug] [2020-09-11T14:08:40.883Z] [worker-pool] submitWork(triggerId=) {"metadata":{"emulator":{"name":"functions"},"message":"[worker-pool] submitWork(triggerId=)"}}
[debug] [2020-09-11T14:08:40.884Z] [worker-~diagnostic~-57bd5d0d-8518-4046-b8de-115bb12069d2]: Assigning socketPath: \\?\pipe\C:\Users\Ayush\Desktop\ReactBootcamp\amazon-clone-fix\functions\7268 {"metadata":{"emulator":{"name":"functions"},"message":"[worker-~diagnostic~-57bd5d0d-8518-4046-b8de-115bb12069d2]: Assigning socketPath: \\\\?\\pipe\\C:\\Users\\Ayush\\Desktop\\ReactBootcamp\\amazon-clone-fix\\functions\\7268"}}
[debug] [2020-09-11T14:08:40.885Z] [worker-~diagnostic~-57bd5d0d-8518-4046-b8de-115bb12069d2]: BUSY {"metadata":{"emulator":{"name":"functions"},"message":"[worker-~diagnostic~-57bd5d0d-8518-4046-b8de-115bb12069d2]: BUSY"}}
